[2026-02-12 19:36:45]	[info] incremental build: 31 source files changed
These source files will be recompiled
---
'c:\Users\JUNLI\Desktop\C_work\stm32\Hideware\OLED.c': object (.o) file not exist
'c:\Users\JUNLI\Desktop\C_work\stm32\Library\misc.c': object (.o) file not exist
'c:\Users\JUNLI\Desktop\C_work\stm32\Library\stm32f10x_adc.c': object (.o) file not exist
'c:\Users\JUNLI\Desktop\C_work\stm32\Library\stm32f10x_bkp.c': object (.o) file not exist
'c:\Users\JUNLI\Desktop\C_work\stm32\Library\stm32f10x_can.c': object (.o) file not exist
'c:\Users\JUNLI\Desktop\C_work\stm32\Library\stm32f10x_cec.c': object (.o) file not exist
'c:\Users\JUNLI\Desktop\C_work\stm32\Library\stm32f10x_crc.c': object (.o) file not exist
'c:\Users\JUNLI\Desktop\C_work\stm32\Library\stm32f10x_dac.c': object (.o) file not exist
'c:\Users\JUNLI\Desktop\C_work\stm32\Library\stm32f10x_dbgmcu.c': object (.o) file not exist
'c:\Users\JUNLI\Desktop\C_work\stm32\Library\stm32f10x_dma.c': object (.o) file not exist
'c:\Users\JUNLI\Desktop\C_work\stm32\Library\stm32f10x_exti.c': object (.o) file not exist
'c:\Users\JUNLI\Desktop\C_work\stm32\Library\stm32f10x_flash.c': object (.o) file not exist
'c:\Users\JUNLI\Desktop\C_work\stm32\Library\stm32f10x_fsmc.c': object (.o) file not exist
'c:\Users\JUNLI\Desktop\C_work\stm32\Library\stm32f10x_gpio.c': object (.o) file not exist
'c:\Users\JUNLI\Desktop\C_work\stm32\Library\stm32f10x_i2c.c': object (.o) file not exist
'c:\Users\JUNLI\Desktop\C_work\stm32\Library\stm32f10x_iwdg.c': object (.o) file not exist
'c:\Users\JUNLI\Desktop\C_work\stm32\Library\stm32f10x_pwr.c': object (.o) file not exist
'c:\Users\JUNLI\Desktop\C_work\stm32\Library\stm32f10x_rcc.c': object (.o) file not exist
'c:\Users\JUNLI\Desktop\C_work\stm32\Library\stm32f10x_rtc.c': object (.o) file not exist
'c:\Users\JUNLI\Desktop\C_work\stm32\Library\stm32f10x_sdio.c': object (.o) file not exist
'c:\Users\JUNLI\Desktop\C_work\stm32\Library\stm32f10x_spi.c': object (.o) file not exist
'c:\Users\JUNLI\Desktop\C_work\stm32\Library\stm32f10x_tim.c': object (.o) file not exist
'c:\Users\JUNLI\Desktop\C_work\stm32\Library\stm32f10x_usart.c': object (.o) file not exist
'c:\Users\JUNLI\Desktop\C_work\stm32\Library\stm32f10x_wwdg.c': object (.o) file not exist
'c:\Users\JUNLI\Desktop\C_work\stm32\System\Delay.c': object (.o) file not exist
'c:\Users\JUNLI\Desktop\C_work\stm32\System\Timer.c': object (.o) file not exist
'c:\Users\JUNLI\Desktop\C_work\stm32\User\main.c': object (.o) file not exist
'c:\Users\JUNLI\Desktop\C_work\stm32\User\stm32f10x_it.c': object (.o) file not exist
'c:\Users\JUNLI\Desktop\C_work\stm32\start\core_cm3.c': object (.o) file not exist
'c:\Users\JUNLI\Desktop\C_work\stm32\start\startup_stm32f10x_md.s': object (.o) file not exist
'c:\Users\JUNLI\Desktop\C_work\stm32\start\system_stm32f10x.c': object (.o) file not exist

[2026-02-12 19:36:49]	[done]
	build successfully !

[2026-02-12 19:37:13]	[done]
	build successfully !

[2026-02-12 19:37:16]	[done]
	build successfully !

[2026-02-12 22:37:40]	[info] incremental build: 1 source files changed
These source files will be recompiled
---
'c:\Users\JUNLI\Desktop\C_work\stm32\User\main.c': source file has been changed.

[2026-02-12 22:37:41]	[done]
	build successfully !

[2026-02-12 23:03:09]	[info] incremental build: 1 source files changed
These source files will be recompiled
---
'c:\Users\JUNLI\Desktop\C_work\stm32\User\main.c': source file has been changed.

[2026-02-12 23:03:10]	[done]
	build successfully !

[2026-02-12 23:03:56]	[done]
	build successfully !

[2026-02-12 23:06:31]	[info] incremental build: 1 source files changed
These source files will be recompiled
---
'c:\Users\JUNLI\Desktop\C_work\stm32\User\main.c': source file has been changed.

[2026-02-12 23:06:32]	[done]
	build successfully !

[2026-02-12 23:11:11]	[info] incremental build: 1 source files changed
These source files will be recompiled
---
'c:\Users\JUNLI\Desktop\C_work\stm32\User\main.c': source file has been changed.

[2026-02-12 23:11:12]	[done]
	build successfully !

[2026-02-12 23:17:47]	[info] incremental build: 1 source files changed
These source files will be recompiled
---
'c:\Users\JUNLI\Desktop\C_work\stm32\User\main.c': source file has been changed.

[2026-02-12 23:17:48]	[done]
	build successfully !

[2026-02-12 23:22:11]	[info] incremental build: 1 source files changed
These source files will be recompiled
---
'c:\Users\JUNLI\Desktop\C_work\stm32\User\main.c': source file has been changed.

[2026-02-12 23:22:11]	compilation failed at : "c:\Users\JUNLI\Desktop\C_work\stm32\User\main.c", exit code: 1
command: 
  "d:\Keil_v5\ARM\ARMCC\bin\armcc.exe" -c --apcs=interwork -I. -Istart -IUser -ILibrary -ISystem -IListings -IHideware -I.cmsis/include -I"RTE/_Target 1" -D"USE_STDPERIPH_DRIVER" --cpu Cortex-M3 --li --c99 -O0 --split_sections --diag_suppress=1 --diag_suppress=1295 -g -o ".\build\Target 1\.obj\User\main.o" --no_depend_system_headers --depend ".\build\Target 1\.obj\User\main.d" .\User\main.c
   at unify_builder.Program.Main(String[] args_)
---
".\User\main.c", line 1107: Error:  #101: "Ib_q15" has already been declared in the current scope
              int16_t Ib_q15 = Q15_MULT(Iamp_q15, fast_sin_q15(theta - 21845));  // -120¬∞ (65536/3 ‚â? 21845)
                      ^
".\User\main.c", line 1108: Error:  #101: "Ic_q15" has already been declared in the current scope
              int16_t Ic_q15 = Q15_MULT(Iamp_q15, fast_sin_q15(theta - 43691));  // -240¬∞ (2*65536/3 ‚â? 43691)
                      ^
".\User\main.c", line 97: Warning:  #550-D: variable "diag_raw_value"  was set but never used
  static uint16_t diag_raw_value = 0;  // ËØäÊñ≠Áî®ÔºöÂΩìÂâçrawÂÄ?
                  ^
".\User\main.c", line 98: Warning:  #550-D: variable "diag_last_raw"  was set but never used
  static uint16_t diag_last_raw = 0;   // ËØäÊñ≠Áî®Ôºög_last_rawÂÄ?
                  ^
".\User\main.c", line 99: Warning:  #550-D: variable "diag_init_val"  was set but never used
  static uint16_t diag_init_val = 0;   // ËØäÊñ≠Áî®ÔºöÂàùÂßãÂåñÊó∂ÁöÑÂÄ?
                  ^
".\User\main.c", line 120: Warning:  #550-D: variable "g_elec_offset_q16"  was set but never used
  static int16_t g_elec_offset_q16 = 0;            // ÂØπÈΩêÁîµËßíÂ∫¶ÂÅèÁß? (Q16Ê†ºÂºè)
                 ^
.\User\main.c: 4 warnings, 2 errors

[2026-02-12 23:22:56]	[info] incremental build: 1 source files changed
These source files will be recompiled
---
'c:\Users\JUNLI\Desktop\C_work\stm32\User\main.c': source file has been changed.

[2026-02-12 23:22:57]	[done]
	build successfully !

[2026-02-12 23:24:28]	[info] incremental build: 1 source files changed
These source files will be recompiled
---
'c:\Users\JUNLI\Desktop\C_work\stm32\User\main.c': source file has been changed.

[2026-02-12 23:24:28]	[done]
	build successfully !

[2026-02-12 23:26:47]	[info] incremental build: 1 source files changed
These source files will be recompiled
---
'c:\Users\JUNLI\Desktop\C_work\stm32\User\main.c': source file has been changed.

[2026-02-12 23:26:47]	[done]
	build successfully !

[2026-02-12 23:32:28]	[info] incremental build: 1 source files changed
These source files will be recompiled
---
'c:\Users\JUNLI\Desktop\C_work\stm32\User\main.c': source file has been changed.

[2026-02-12 23:32:28]	compilation failed at : "c:\Users\JUNLI\Desktop\C_work\stm32\User\main.c", exit code: 1
command: 
  "d:\Keil_v5\ARM\ARMCC\bin\armcc.exe" -c --apcs=interwork -I. -Istart -IUser -ILibrary -ISystem -IListings -IHideware -I.cmsis/include -I"RTE/_Target 1" -D"USE_STDPERIPH_DRIVER" --cpu Cortex-M3 --li --c99 -O0 --split_sections --diag_suppress=1 --diag_suppress=1295 -g -o ".\build\Target 1\.obj\User\main.o" --no_depend_system_headers --depend ".\build\Target 1\.obj\User\main.d" .\User\main.c
   at unify_builder.Program.Main(String[] args_)
---
".\User\main.c", line 699: Error:  #20: identifier "mod" is undefined
      mod = g_accum % MT6701_MECH_COUNTS;
      ^
".\User\main.c", line 1040: Warning:  #177-D: variable "elec_angle"  was declared but never referenced
                  uint32_t elec_angle = (raw14 * MT6701_POLE_PAIRS) % MT6701_ELEC_COUNTS;
                           ^
.\User\main.c: 1 warning, 1 error

[2026-02-12 23:35:11]	[info] incremental build: 1 source files changed
These source files will be recompiled
---
'c:\Users\JUNLI\Desktop\C_work\stm32\User\main.c': source file has been changed.

[2026-02-12 23:35:12]	[done]
	build successfully !

[2026-02-13 12:11:47]	[info] incremental build: 1 source files changed
These source files will be recompiled
---
'c:\Users\JUNLI\Desktop\C_work\stm32\User\main.c': source file has been changed.

[2026-02-13 12:11:47]	[done]
	build successfully !

[2026-02-13 18:50:20]	[info] incremental build: 1 source files changed
These source files will be recompiled
---
'c:\Users\JUNLI\Desktop\C_work\stm32\User\main.c': source file has been changed.

[2026-02-13 18:50:21]	[done]
	build successfully !

[2026-02-13 21:33:23]	[info] incremental build: 1 source files changed
These source files will be recompiled
---
'c:\Users\JUNLI\Desktop\C_work\stm32\User\main.c': source file has been changed.

[2026-02-13 21:33:24]	[done]
	build successfully !

[2026-02-13 22:18:41]	[info] incremental build: 1 source files changed
These source files will be recompiled
---
'c:\Users\JUNLI\Desktop\C_work\stm32\User\main.c': source file has been changed.

[2026-02-13 22:18:42]	compilation failed at : "c:\Users\JUNLI\Desktop\C_work\stm32\User\main.c", exit code: 1
command: 
  "d:\Keil_v5\ARM\ARMCC\bin\armcc.exe" -c --apcs=interwork -I. -Istart -IUser -ILibrary -ISystem -IListings -IHideware -I.cmsis/include -I"RTE/_Target 1" -D"USE_STDPERIPH_DRIVER" --cpu Cortex-M3 --li --c99 -O0 --split_sections --diag_suppress=1 --diag_suppress=1295 -g -o ".\build\Target 1\.obj\User\main.o" --no_depend_system_headers --depend ".\build\Target 1\.obj\User\main.d" .\User\main.c
   at unify_builder.Program.Main(String[] args_)
---
".\User\main.c", line 674: Error:  #65: expected a ";"
  {
  ^
".\User\main.c", line 737: Warning:  #12-D: parsing restarts here after previous syntax error
      g_angle_revolutions = g_encoder_wraparounds / 4;
                                                     ^
".\User\main.c", line 741: Error:  #20: identifier "raw" is undefined
      uint32_t theta_temp = ((uint32_t)raw * 7U) & 0xFFFF;  // ‰Ωç‰∏éÁ≠â‰ª∑‰∫éÊ®°65536
                                       ^
".\User\main.c", line 1111: Warning:  #223-D: function "Encoder_Get" declared implicitly
          Encoder_Get();
          ^
".\User\main.c", line 86: Warning:  #550-D: variable "encoder_raw_cache"  was set but never used
  static uint16_t encoder_raw_cache = 0;                 // ÁºìÂ≠ò‰∏ä‰∏ÄÊ¨°ÊàêÂäüËØªÂèñÁöÑÁºñÁ†ÅÂô®ÂéüÂßãÂÄ? [0-16383] - I2CËØªÂèñÂ§±Ë¥•Êó∂ËøîÂõûÊ≠§ÂÄ?
                  ^
".\User\main.c", line 99: Warning:  #550-D: variable "g_encoder_wraparounds"  was set but never used
  static int32_t g_encoder_wraparounds = 0;  // ÁºñÁ†ÅÂô®ÁªïËøáÁöÑÊÄªÊ¨°Êï? - ÊØèÊ¨°ÁºñÁ†ÅÂô®ÁªèËø?0ÁÇ?(0‚Ü?16384ËΩ¨Êäò)Êó∂ËÆ°Êï∞ÔºåÊØ?4Ê¨?=1ÂúàÁîµÊú?
                 ^
".\User\main.c", line 443: Warning:  #177-D: function "MT6701_ReadRegPair"  was declared but never referenced
  static uint8_t MT6701_ReadRegPair(uint8_t reg, uint8_t *msb, uint8_t *lsb)
                 ^
.\User\main.c: 5 warnings, 2 errors

[2026-02-13 22:26:24]	[info] incremental build: 1 source files changed
These source files will be recompiled
---
'c:\Users\JUNLI\Desktop\C_work\stm32\User\main.c': source file has been changed.

[2026-02-13 22:26:25]	[done]
	build successfully !

[2026-02-13 22:33:50]	[info] incremental build: 1 source files changed
These source files will be recompiled
---
'c:\Users\JUNLI\Desktop\C_work\stm32\User\main.c': source file has been changed.

[2026-02-13 22:33:50]	[done]
	build successfully !

[2026-02-13 22:34:54]	[info] incremental build: 1 source files changed
These source files will be recompiled
---
'c:\Users\JUNLI\Desktop\C_work\stm32\User\main.c': source file has been changed.

[2026-02-13 22:34:54]	[done]
	build successfully !

[2026-02-13 22:47:02]	[info] incremental build: 1 source files changed
These source files will be recompiled
---
'c:\Users\JUNLI\Desktop\C_work\stm32\User\main.c': source file has been changed.

[2026-02-13 22:47:03]	[done]
	build successfully !

[2026-02-13 22:48:48]	[info] incremental build: 1 source files changed
These source files will be recompiled
---
'c:\Users\JUNLI\Desktop\C_work\stm32\User\main.c': source file has been changed.

[2026-02-13 22:48:49]	[done]
	build successfully !

[2026-02-13 22:51:00]	[info] incremental build: 1 source files changed
These source files will be recompiled
---
'c:\Users\JUNLI\Desktop\C_work\stm32\User\main.c': source file has been changed.

[2026-02-13 22:51:00]	[done]
	build successfully !

[2026-02-13 22:51:05]	[info] incremental build: 1 source files changed
These source files will be recompiled
---
'c:\Users\JUNLI\Desktop\C_work\stm32\User\main.c': source file has been changed.

[2026-02-13 22:51:06]	[done]
	build successfully !

[2026-02-13 22:54:02]	[info] incremental build: 1 source files changed
These source files will be recompiled
---
'c:\Users\JUNLI\Desktop\C_work\stm32\User\main.c': source file has been changed.

[2026-02-13 22:54:02]	[done]
	build successfully !

[2026-02-13 23:00:07]	[info] incremental build: 1 source files changed
These source files will be recompiled
---
'c:\Users\JUNLI\Desktop\C_work\stm32\User\main.c': source file has been changed.

[2026-02-13 23:00:07]	[done]
	build successfully !

[2026-02-13 23:00:29]	[info] incremental build: 1 source files changed
These source files will be recompiled
---
'c:\Users\JUNLI\Desktop\C_work\stm32\User\main.c': source file has been changed.

[2026-02-13 23:00:30]	[done]
	build successfully !

[2026-02-13 23:03:23]	[info] incremental build: 1 source files changed
These source files will be recompiled
---
'c:\Users\JUNLI\Desktop\C_work\stm32\User\main.c': source file has been changed.

[2026-02-13 23:03:23]	[done]
	build successfully !

[2026-02-23 00:00:15]	[info] incremental build: 31 source files changed
These source files will be recompiled
---
'c:\Users\JUNLI\Desktop\C_work\stm32\Hideware\OLED.c': compiler options has been changed.
'c:\Users\JUNLI\Desktop\C_work\stm32\Library\misc.c': compiler options has been changed.
'c:\Users\JUNLI\Desktop\C_work\stm32\Library\stm32f10x_adc.c': compiler options has been changed.
'c:\Users\JUNLI\Desktop\C_work\stm32\Library\stm32f10x_bkp.c': compiler options has been changed.
'c:\Users\JUNLI\Desktop\C_work\stm32\Library\stm32f10x_can.c': compiler options has been changed.
'c:\Users\JUNLI\Desktop\C_work\stm32\Library\stm32f10x_cec.c': compiler options has been changed.
'c:\Users\JUNLI\Desktop\C_work\stm32\Library\stm32f10x_crc.c': compiler options has been changed.
'c:\Users\JUNLI\Desktop\C_work\stm32\Library\stm32f10x_dac.c': compiler options has been changed.
'c:\Users\JUNLI\Desktop\C_work\stm32\Library\stm32f10x_dbgmcu.c': compiler options has been changed.
'c:\Users\JUNLI\Desktop\C_work\stm32\Library\stm32f10x_dma.c': compiler options has been changed.
'c:\Users\JUNLI\Desktop\C_work\stm32\Library\stm32f10x_exti.c': compiler options has been changed.
'c:\Users\JUNLI\Desktop\C_work\stm32\Library\stm32f10x_flash.c': compiler options has been changed.
'c:\Users\JUNLI\Desktop\C_work\stm32\Library\stm32f10x_fsmc.c': compiler options has been changed.
'c:\Users\JUNLI\Desktop\C_work\stm32\Library\stm32f10x_gpio.c': compiler options has been changed.
'c:\Users\JUNLI\Desktop\C_work\stm32\Library\stm32f10x_i2c.c': compiler options has been changed.
'c:\Users\JUNLI\Desktop\C_work\stm32\Library\stm32f10x_iwdg.c': compiler options has been changed.
'c:\Users\JUNLI\Desktop\C_work\stm32\Library\stm32f10x_pwr.c': compiler options has been changed.
'c:\Users\JUNLI\Desktop\C_work\stm32\Library\stm32f10x_rcc.c': compiler options has been changed.
'c:\Users\JUNLI\Desktop\C_work\stm32\Library\stm32f10x_rtc.c': compiler options has been changed.
'c:\Users\JUNLI\Desktop\C_work\stm32\Library\stm32f10x_sdio.c': compiler options has been changed.
'c:\Users\JUNLI\Desktop\C_work\stm32\Library\stm32f10x_spi.c': compiler options has been changed.
'c:\Users\JUNLI\Desktop\C_work\stm32\Library\stm32f10x_tim.c': compiler options has been changed.
'c:\Users\JUNLI\Desktop\C_work\stm32\Library\stm32f10x_usart.c': compiler options has been changed.
'c:\Users\JUNLI\Desktop\C_work\stm32\Library\stm32f10x_wwdg.c': compiler options has been changed.
'c:\Users\JUNLI\Desktop\C_work\stm32\System\Delay.c': compiler options has been changed.
'c:\Users\JUNLI\Desktop\C_work\stm32\System\Timer.c': compiler options has been changed.
'c:\Users\JUNLI\Desktop\C_work\stm32\User\main.c': source file has been changed.
'c:\Users\JUNLI\Desktop\C_work\stm32\User\stm32f10x_it.c': compiler options has been changed.
'c:\Users\JUNLI\Desktop\C_work\stm32\start\core_cm3.c': compiler options has been changed.
'c:\Users\JUNLI\Desktop\C_work\stm32\start\startup_stm32f10x_md.s': compiler options has been changed.
'c:\Users\JUNLI\Desktop\C_work\stm32\start\system_stm32f10x.c': compiler options has been changed.

[2026-02-23 00:00:17]	[done]
	build successfully !

[2026-02-24 11:36:50]	[info] incremental build: 1 source files changed
These source files will be recompiled
---
'c:\Users\JUNLI\Desktop\C_work\stm32\User\main.c': source file has been changed.

[2026-02-24 11:36:50]	link failed !, exit code: 1
   at unify_builder.Program.Main(String[] args_)
---
Error: L6218E: Undefined symbol Encoder_Init (referred from main.o).
Not enough information to list image symbols.
Finished: 1 information, 0 warning and 1 error messages.


[2026-02-24 18:22:05]	[info] incremental build: 1 source files changed
These source files will be recompiled
---
'c:\Users\JUNLI\Desktop\C_work\stm32\User\main.c': source file has been changed.

[2026-02-24 18:22:05]	compilation failed at : "c:\Users\JUNLI\Desktop\C_work\stm32\User\main.c", exit code: 1
command: 
  "D:\Keil_v5\ARM\ARMCC\bin\armcc.exe" -c --apcs=interwork -I. -Istart -IUser -ILibrary -ISystem -IListings -IHideware -I.cmsis/include -I"RTE/_Target 1" -D"USE_STDPERIPH_DRIVER" --cpu Cortex-M3 --li --c99 -O0 --split_sections --diag_suppress=1 --diag_suppress=1295 -g -o ".\build\Target 1\.obj\User\main.o" --no_depend_system_headers --depend ".\build\Target 1\.obj\User\main.d" .\User\main.c
   at unify_builder.Program.Main(String[] args_)
---
".\User\main.c", line 691: Error:  #20: identifier "g_theta_filt_init" is undefined
      g_theta_filt_init = 1;
      ^
.\User\main.c: 0 warnings, 1 error

